<?xml version="1.0" encoding="UTF-8"?>
<testng-results ignored="0" total="2" passed="2" failed="0" skipped="0">
  <reporter-output>
  </reporter-output>
  <suite started-at="2023-05-13T19:40:41 IST" name="Default suite" finished-at="2023-05-13T19:40:49 IST" duration-ms="7783">
    <groups>
    </groups>
    <test started-at="2023-05-13T19:40:41 IST" name="Default test" finished-at="2023-05-13T19:40:49 IST" duration-ms="7783">
      <class name="testcases.Testcase2">
        <test-method signature="openbrow()[pri:1, instance:testcases.Testcase2@740cae06]" started-at="2023-05-13T19:40:41 IST" name="openbrow" finished-at="2023-05-13T19:40:46 IST" duration-ms="5438" status="PASS">
          <reporter-output>
          </reporter-output>
        </test-method> <!-- openbrow -->
        <test-method signature="navigateurl()[pri:2, instance:testcases.Testcase2@740cae06]" started-at="2023-05-13T19:40:46 IST" name="navigateurl" finished-at="2023-05-13T19:40:49 IST" duration-ms="2265" status="PASS">
          <reporter-output>
          </reporter-output>
        </test-method> <!-- navigateurl -->
      </class> <!-- testcases.Testcase2 -->
    </test> <!-- Default test -->
  </suite> <!-- Default suite -->
</testng-results>
