<?xml version="1.0" encoding="UTF-8"?>
<testng-results ignored="0" total="1" passed="1" failed="0" skipped="0">
  <reporter-output>
  </reporter-output>
  <suite started-at="2023-05-15T07:32:27 IST" name="Default suite" finished-at="2023-05-15T07:32:28 IST" duration-ms="596">
    <groups>
    </groups>
    <test started-at="2023-05-15T07:32:27 IST" name="Default test" finished-at="2023-05-15T07:32:28 IST" duration-ms="596">
      <class name="testcases.extentReport">
        <test-method is-config="true" signature="setup()[pri:0, instance:testcases.extentReport@74751b3]" started-at="2023-05-15T07:32:27 IST" name="setup" finished-at="2023-05-15T07:32:28 IST" duration-ms="548" status="PASS">
          <reporter-output>
          </reporter-output>
        </test-method> <!-- setup -->
        <test-method signature="test()[pri:0, instance:testcases.extentReport@74751b3]" started-at="2023-05-15T07:32:28 IST" name="test" finished-at="2023-05-15T07:32:28 IST" duration-ms="6" status="PASS">
          <reporter-output>
          </reporter-output>
        </test-method> <!-- test -->
        <test-method is-config="true" signature="teardown()[pri:0, instance:testcases.extentReport@74751b3]" started-at="2023-05-15T07:32:28 IST" name="teardown" finished-at="2023-05-15T07:32:28 IST" duration-ms="0" status="PASS">
          <reporter-output>
          </reporter-output>
        </test-method> <!-- teardown -->
      </class> <!-- testcases.extentReport -->
    </test> <!-- Default test -->
  </suite> <!-- Default suite -->
</testng-results>
